01/10/2021, 12:17:43 - INFO - Server is running on port: 3030 
01/10/2021, 12:33:31 - INFO - Server is running on port: 3030 
01/10/2021, 12:34:01 - INFO - Server is running on port: 3030 
01/10/2021, 12:38:33 - ERROR - cannot insert wap | ReferenceError: logger is not defined (sid: sDJS28E8-eo6vrabxuQItrNP5vw9IPgC)
01/10/2021, 12:38:33 - ERROR - Failed to add wap | ReferenceError: logger is not defined (sid: sDJS28E8-eo6vrabxuQItrNP5vw9IPgC)
01/10/2021, 12:38:49 - INFO - Server is running on port: 3030 
01/10/2021, 12:39:17 - INFO - Server is running on port: 3030 
01/10/2021, 12:39:35 - ERROR - cannot insert wap | ReferenceError: logger is not defined (sid: 8a8qm7hYlU0sadj2zemccNuwpvkLWY-b)
01/10/2021, 12:39:35 - ERROR - Failed to add wap | ReferenceError: logger is not defined (sid: 8a8qm7hYlU0sadj2zemccNuwpvkLWY-b)
01/10/2021, 12:41:13 - ERROR - cannot insert wap | ReferenceError: logger is not defined (sid: 8a8qm7hYlU0sadj2zemccNuwpvkLWY-b)
01/10/2021, 12:41:13 - ERROR - Failed to add wap | ReferenceError: logger is not defined (sid: 8a8qm7hYlU0sadj2zemccNuwpvkLWY-b)
01/10/2021, 12:42:22 - INFO - Server is running on port: 3030 
01/10/2021, 12:42:29 - ERROR - cannot insert wap | ReferenceError: logger is not defined (sid: ALedOFuEHBwJC0iWH1VmRP00IOWXU7GS)
01/10/2021, 12:42:29 - ERROR - Failed to add wap | ReferenceError: logger is not defined (sid: ALedOFuEHBwJC0iWH1VmRP00IOWXU7GS)
01/10/2021, 12:44:06 - INFO - Server is running on port: 3030 
01/10/2021, 12:44:42 - ERROR - cannot insert wap | ReferenceError: logger is not defined (sid: PZnwf066Ao2v4wuNeK9FI2wSMP7pbGrw)
01/10/2021, 12:44:42 - ERROR - Failed to add wap | ReferenceError: logger is not defined (sid: PZnwf066Ao2v4wuNeK9FI2wSMP7pbGrw)
01/10/2021, 12:45:24 - INFO - Server is running on port: 3030 
01/10/2021, 12:45:51 - ERROR - cannot insert wap | ReferenceError: logger is not defined (sid: cghEBt1OzuXeUdxrUbUYfb327PGDM7Md)
01/10/2021, 12:45:51 - ERROR - Failed to add wap | ReferenceError: logger is not defined (sid: cghEBt1OzuXeUdxrUbUYfb327PGDM7Md)
01/10/2021, 12:47:30 - INFO - Server is running on port: 3030 
01/10/2021, 12:47:43 - INFO - Server is running on port: 3030 
01/10/2021, 12:48:46 - INFO - Server is running on port: 3030 
01/10/2021, 12:48:51 - ERROR - cannot insert wap | ReferenceError: logger is not defined (sid: V9MtkCYXwF08S-nNzLnXCCXGaP_bVi_S)
01/10/2021, 12:48:51 - ERROR - Failed to add wap | ReferenceError: logger is not defined (sid: V9MtkCYXwF08S-nNzLnXCCXGaP_bVi_S)
01/10/2021, 12:56:09 - INFO - Server is running on port: 3030 
01/10/2021, 12:56:24 - INFO - Server is running on port: 3030 
01/10/2021, 13:02:31 - INFO - Server is running on port: 3030 
01/10/2021, 13:02:38 - INFO - Server is running on port: 3030 
01/10/2021, 13:03:14 - INFO - Server is running on port: 3030 
01/10/2021, 13:04:32 - INFO - Server is running on port: 3030 
01/10/2021, 13:05:19 - INFO - Server is running on port: 3030 
01/10/2021, 13:11:39 - INFO - Server is running on port: 3030 
01/10/2021, 13:19:29 - INFO - Server is running on port: 3030 
01/10/2021, 13:25:15 - INFO - Server is running on port: 3030 
01/10/2021, 13:26:42 - INFO - Server is running on port: 3030 
01/10/2021, 13:27:00 - INFO - Server is running on port: 3030 
01/10/2021, 13:27:30 - INFO - Server is running on port: 3030 
01/10/2021, 14:13:49 - INFO - Server is running on port: 3030 
01/10/2021, 14:45:29 - INFO - Server is running on port: 3030 
01/10/2021, 14:51:47 - INFO - Server is running on port: 3030 
01/10/2021, 14:52:15 - INFO - Server is running on port: 3030 
01/10/2021, 14:53:20 - INFO - Server is running on port: 3030 
01/10/2021, 14:55:00 - INFO - Server is running on port: 3030 
01/10/2021, 14:55:33 - INFO - Server is running on port: 3030 
01/10/2021, 14:56:20 - INFO - Server is running on port: 3030 
01/10/2021, 14:58:12 - INFO - Server is running on port: 3030 
01/10/2021, 14:58:19 - INFO - Server is running on port: 3030 
01/10/2021, 15:17:38 - INFO - Server is running on port: 3030 
01/10/2021, 15:18:52 - INFO - Server is running on port: 3030 
01/10/2021, 15:20:20 - INFO - Server is running on port: 3030 
04/10/2021, 15:58:50 - INFO - Server is running on port: 3030 
04/10/2021, 16:18:45 - INFO - Server is running on port: 3030 
05/10/2021, 17:45:51 - INFO - Server is running on port: 3030 
05/10/2021, 17:50:54 - INFO - Server is running on port: 3030 
05/10/2021, 17:51:21 - INFO - Server is running on port: 3030 
05/10/2021, 17:53:46 - INFO - Server is running on port: 3030 
05/10/2021, 17:55:45 - ERROR - Failed to add lead | ReferenceError: wap is not defined (sid: wd_2D8QGgQoqyU0ih3rrDtNg5g1aPoqV)
05/10/2021, 17:56:52 - INFO - Server is running on port: 3030 
05/10/2021, 17:56:59 - ERROR - Failed to add lead | ReferenceError: wap is not defined (sid: Qzb4t6AKajJniIpfTnZ6KxTDrTIih5xL)
05/10/2021, 17:57:13 - INFO - Server is running on port: 3030 
05/10/2021, 17:57:17 - ERROR - Failed to add lead | ReferenceError: wap is not defined (sid: h3VOn_uJ2DVsWYtP7tlkaLuK-mj7A5x1)
05/10/2021, 17:58:35 - INFO - Server is running on port: 3030 
05/10/2021, 17:58:56 - INFO - Server is running on port: 3030 
05/10/2021, 18:43:55 - INFO - Server is running on port: 3030 
05/10/2021, 18:45:14 - INFO - Server is running on port: 3030 
05/10/2021, 18:45:57 - INFO - Server is running on port: 3030 
05/10/2021, 18:46:11 - INFO - Server is running on port: 3030 
05/10/2021, 18:47:44 - INFO - Server is running on port: 3030 
05/10/2021, 18:49:38 - INFO - Server is running on port: 3030 
05/10/2021, 18:50:17 - INFO - Server is running on port: 3030 
05/10/2021, 18:56:34 - ERROR - while finding wap null | TypeError: Argument passed in must be a Buffer or string of 12 bytes or a string of 24 hex characters (sid: 1xyCUSvNnHOgvP6ZEagUaMPQNR-jHqKN)
05/10/2021, 18:56:34 - ERROR - Failed to get wap | TypeError: Argument passed in must be a Buffer or string of 12 bytes or a string of 24 hex characters (sid: 1xyCUSvNnHOgvP6ZEagUaMPQNR-jHqKN)
05/10/2021, 18:56:34 - ERROR - while finding wap null | TypeError: Argument passed in must be a Buffer or string of 12 bytes or a string of 24 hex characters (sid: 1xyCUSvNnHOgvP6ZEagUaMPQNR-jHqKN)
05/10/2021, 18:56:34 - ERROR - Failed to get wap | TypeError: Argument passed in must be a Buffer or string of 12 bytes or a string of 24 hex characters (sid: 1xyCUSvNnHOgvP6ZEagUaMPQNR-jHqKN)
05/10/2021, 18:56:34 - ERROR - while finding wap null | TypeError: Argument passed in must be a Buffer or string of 12 bytes or a string of 24 hex characters (sid: 1xyCUSvNnHOgvP6ZEagUaMPQNR-jHqKN)
05/10/2021, 18:56:34 - ERROR - Failed to get wap | TypeError: Argument passed in must be a Buffer or string of 12 bytes or a string of 24 hex characters (sid: 1xyCUSvNnHOgvP6ZEagUaMPQNR-jHqKN)
05/10/2021, 18:56:34 - ERROR - while finding wap null | TypeError: Argument passed in must be a Buffer or string of 12 bytes or a string of 24 hex characters (sid: 1xyCUSvNnHOgvP6ZEagUaMPQNR-jHqKN)
05/10/2021, 18:56:34 - ERROR - Failed to get wap | TypeError: Argument passed in must be a Buffer or string of 12 bytes or a string of 24 hex characters (sid: 1xyCUSvNnHOgvP6ZEagUaMPQNR-jHqKN)
05/10/2021, 18:56:42 - INFO - Server is running on port: 3030 
05/10/2021, 18:56:53 - INFO - Server is running on port: 3030 
2.10.2021, 0:04:45 - INFO - Server is running on port: 3030 
2.10.2021, 0:05:23 - ERROR - while finding wap O0QHg | TypeError: Argument passed in must be a Buffer or string of 12 bytes or a string of 24 hex characters (sid: gyYU3xPyYENvbHkkLwJ2L-kujgEY1dug)
2.10.2021, 0:05:23 - ERROR - Failed to get wap | TypeError: Argument passed in must be a Buffer or string of 12 bytes or a string of 24 hex characters (sid: gyYU3xPyYENvbHkkLwJ2L-kujgEY1dug)
2.10.2021, 0:32:31 - INFO - Server is running on port: 3030 
2.10.2021, 0:54:49 - INFO - Server is running on port: 3030 
2.10.2021, 2:49:00 - INFO - Server is running on port: 3030 
2.10.2021, 11:05:51 - INFO - Server is running on port: 3030 
2.10.2021, 12:39:13 - INFO - Server is running on port: 3030 
2.10.2021, 18:59:36 - INFO - Server is running on port: 3030 
3.10.2021, 10:12:30 - INFO - Server is running on port: 3030 
3.10.2021, 12:43:02 - INFO - Server is running on port: 3030 
4.10.2021, 15:58:17 - ERROR - while finding wap O0QHg | TypeError: Argument passed in must be a Buffer or string of 12 bytes or a string of 24 hex characters (sid: QyPw8_Wp0bOiQ15bHylkqIsPOIFHqBu6)
4.10.2021, 15:58:17 - ERROR - Failed to get wap | TypeError: Argument passed in must be a Buffer or string of 12 bytes or a string of 24 hex characters (sid: QyPw8_Wp0bOiQ15bHylkqIsPOIFHqBu6)
5.10.2021, 19:09:31 - INFO - Server is running on port: 3030 
5.10.2021, 23:24:32 - INFO - Server is running on port: 3030 
6.10.2021, 0:13:05 - INFO - Server is running on port: 3030 
6.10.2021, 0:15:30 - INFO - Server is running on port: 3030 
6.10.2021, 0:22:05 - INFO - Server is running on port: 3030 
6.10.2021, 0:41:50 - INFO - Server is running on port: 3030 
6.10.2021, 0:46:11 - INFO - Server is running on port: 3030 
6.10.2021, 0:47:38 - INFO - Server is running on port: 3030 
6.10.2021, 0:49:04 - INFO - Server is running on port: 3030 
6.10.2021, 0:52:26 - INFO - Server is running on port: 3030 
6.10.2021, 0:54:12 - INFO - Server is running on port: 3030 
6.10.2021, 0:57:06 - INFO - Server is running on port: 3030 
6.10.2021, 0:57:12 - INFO - Server is running on port: 3030 
6.10.2021, 0:57:33 - INFO - Server is running on port: 3030 
6.10.2021, 0:58:15 - INFO - Server is running on port: 3030 
6.10.2021, 1:01:31 - INFO - Server is running on port: 3030 
6.10.2021, 1:02:08 - INFO - Server is running on port: 3030 
6.10.2021, 1:02:21 - INFO - Server is running on port: 3030 
6.10.2021, 1:02:23 - INFO - Server is running on port: 3030 
6.10.2021, 1:02:30 - ERROR - Failed to get wap | ReferenceError: wapId is not defined (sid: LdHobkY0EK45YPisjS6kXNBgJeaIl2Q8)
6.10.2021, 1:04:02 - INFO - Server is running on port: 3030 
6.10.2021, 1:04:05 - ERROR - while finding wap | TypeError: dbService.getCollection(...).find is not a function (sid: _GxQfuQhJo_5QTd204spts3iPvFVMrh0)
6.10.2021, 1:04:05 - ERROR - Failed to get wap | TypeError: dbService.getCollection(...).find is not a function (sid: _GxQfuQhJo_5QTd204spts3iPvFVMrh0)
6.10.2021, 1:04:47 - INFO - Server is running on port: 3030 
6.10.2021, 1:07:04 - INFO - Server is running on port: 3030 
6.10.2021, 1:07:15 - INFO - Server is running on port: 3030 
6.10.2021, 1:07:29 - INFO - Server is running on port: 3030 
6.10.2021, 1:08:22 - INFO - Server is running on port: 3030 
6.10.2021, 1:08:37 - INFO - Server is running on port: 3030 
